{
  "stats": {
    "suites": 1,
    "tests": 1,
    "passes": 0,
    "pending": 0,
    "failures": 1,
    "start": "2023-07-08T06:10:32.602Z",
    "end": "2023-07-08T06:10:32.842Z",
    "duration": 240,
    "testsRegistered": 1,
    "passPercent": 0,
    "pendingPercent": 0,
    "other": 0,
    "hasOther": false,
    "skipped": 0,
    "hasSkipped": false
  },
  "results": [
    {
      "uuid": "abf42ca2-3028-49a9-9d67-a62621863f1f",
      "title": "",
      "fullFile": "cypress\\e2e\\specs\\iplTest.feature",
      "file": "cypress\\e2e\\specs\\iplTest.feature",
      "beforeHooks": [],
      "afterHooks": [],
      "tests": [],
      "suites": [
        {
          "uuid": "86407e9b-a861-40e5-8e8f-b99a9b712ff8",
          "title": "Validate IPL pages",
          "fullFile": "",
          "file": "",
          "beforeHooks": [],
          "afterHooks": [],
          "tests": [
            {
              "title": "Login with valid credentials",
              "fullTitle": "Validate IPL pages Login with valid credentials",
              "timedOut": null,
              "duration": 222,
              "state": "failed",
              "speed": null,
              "pass": false,
              "fail": true,
              "pending": false,
              "context": "[\n  {\n    \"title\": \"cypress-mochawesome-reporter-videos-failed\",\n    \"value\": \"cypress\\\\e2e\\\\specs\\\\iplTest.feature\"\n  },\n  {\n    \"title\": \"cypress-mochawesome-reporter-screenshots\",\n    \"value\": [\n      [\n        \"\\\\iplTest.feature\\\\Validate IPL pages -- Login with valid credentials (failed).png\"\n      ]\n    ]\n  }\n]",
              "code": "var _a2, _b, _c, _d, _e;\nconst { remainingSteps, testCaseStartedId } = retrieveInternalSpecProperties();\ntaskTestCaseStarted(context, {\n  id: testCaseStartedId,\n  testCaseId,\n  attempt: attempt++,\n  timestamp: (0, messages_1.createTimestamp)()\n});\nwindow.testState = {\n  gherkinDocument,\n  pickles,\n  pickle\n};\nfor (const step of steps) {\n  if (step.hook) {\n    const hook = step.hook;\n    const testStepId = getTestStepId({\n      context,\n      pickleId: pickle.id,\n      hookIdOrPickleStepId: hook.id\n    });\n    cy.then(() => {\n      delete window.testState.pickleStep;\n      const start = (0, messages_1.createTimestamp)();\n      internalProperties.currentStepStartedAt = start;\n      taskTestStepStarted(context, {\n        testStepId,\n        testCaseStartedId,\n        timestamp: start\n      });\n      return cy.wrap(start, { log: false });\n    }).then((start) => {\n      (0, cypress_1.runStepWithLogGroup)({\n        fn: () => registry2.runHook(this, hook),\n        keyword: hook.keyword,\n        text: hook.tags\n      });\n      return cy.wrap(start, { log: false });\n    }).then((start) => {\n      const end = (0, messages_1.createTimestamp)();\n      taskTestStepFinished(context, {\n        testStepId,\n        testCaseStartedId,\n        testStepResult: {\n          status: messages.TestStepResultStatus.PASSED,\n          duration: (0, messages_1.duration)(start, end)\n        },\n        timestamp: end\n      });\n      remainingSteps.shift();\n    });\n  } else if (step.pickleStep) {\n    const pickleStep = step.pickleStep;\n    const testStepId = getTestStepId({\n      context,\n      pickleId: pickle.id,\n      hookIdOrPickleStepId: pickleStep.id\n    });\n    const text = (0, assertions_1.assertAndReturn)(pickleStep.text, \"Expected pickle step to have a text\");\n    const scenarioStep = (0, assertions_1.assertAndReturn)(context.astIdsMap.get((0, assertions_1.assertAndReturn)((_a2 = pickleStep.astNodeIds) === null || _a2 === void 0 ? void 0 : _a2[0], \"Expected to find at least one astNodeId\")), `Expected to find scenario step associated with id = ${(_b = pickleStep.astNodeIds) === null || _b === void 0 ? void 0 : _b[0]}`);\n    const argument = ((_c = pickleStep.argument) === null || _c === void 0 ? void 0 : _c.dataTable) ? new data_table_1.default(pickleStep.argument.dataTable) : ((_e = (_d = pickleStep.argument) === null || _d === void 0 ? void 0 : _d.docString) === null || _e === void 0 ? void 0 : _e.content) ? pickleStep.argument.docString.content : void 0;\n    cy.then(() => {\n      window.testState.pickleStep = step.pickleStep;\n      const start = (0, messages_1.createTimestamp)();\n      internalProperties.currentStep = { pickleStep };\n      internalProperties.currentStepStartedAt = start;\n      taskTestStepStarted(context, {\n        testStepId,\n        testCaseStartedId,\n        timestamp: start\n      });\n      return cy.wrap(start, { log: false });\n    }).then((start) => {\n      const beforeStepHooks = registry2.resolveBeforeStepHooks(tags);\n      const afterStepHooks = registry2.resolveAfterStepHooks(tags);\n      const options = {\n        pickle,\n        pickleStep,\n        gherkinDocument,\n        testCaseStartedId,\n        testStepId\n      };\n      const beforeHooksChain = beforeStepHooks.reduce((chain, beforeStepHook) => {\n        return chain.then(() => (0, cypress_1.runStepWithLogGroup)({\n          keyword: \"BeforeStep\",\n          text: beforeStepHook.tags,\n          fn: () => registry2.runStepHook(this, beforeStepHook, options)\n        }));\n      }, cy.wrap({}, { log: false }));\n      return beforeHooksChain.then(() => {\n        try {\n          return (0, cypress_1.runStepWithLogGroup)({\n            keyword: (0, assertions_1.assertAndReturn)(\"keyword\" in scenarioStep && scenarioStep.keyword, \"Expected to find a keyword in the scenario step\"),\n            argument,\n            text,\n            fn: () => registry2.runStepDefininition(this, text, argument)\n          }).then((result) => {\n            return afterStepHooks.reverse().reduce((chain, afterStepHook) => {\n              return chain.then(() => (0, cypress_1.runStepWithLogGroup)({\n                keyword: \"AfterStep\",\n                text: afterStepHook.tags,\n                fn: () => registry2.runStepHook(this, afterStepHook, options)\n              }));\n            }, cy.wrap({}, { log: false })).then(() => {\n              return { start, result };\n            });\n          });\n        } catch (e) {\n          if (e instanceof registry_1.MissingDefinitionError) {\n            throw new Error(createMissingStepDefinitionMessage(context, pickleStep, context.registry.parameterTypeRegistry));\n          } else {\n            throw e;\n          }\n        }\n      });\n    }).then(({ start, result }) => {\n      var _a3, _b2, _c2;\n      const end = (0, messages_1.createTimestamp)();\n      if (result === \"pending\") {\n        taskTestStepFinished(context, {\n          testStepId,\n          testCaseStartedId,\n          testStepResult: {\n            status: messages.TestStepResultStatus.PENDING,\n            duration: (0, messages_1.duration)(start, end)\n          },\n          timestamp: end\n        });\n        remainingSteps.shift();\n        for (const skippedStep of remainingSteps) {\n          const hookIdOrPickleStepId = (0, assertions_1.assertAndReturn)((_b2 = (_a3 = skippedStep.hook) === null || _a3 === void 0 ? void 0 : _a3.id) !== null && _b2 !== void 0 ? _b2 : (_c2 = skippedStep.pickleStep) === null || _c2 === void 0 ? void 0 : _c2.id, \"Expected a step to either be a hook or a pickleStep\");\n          const testStepId2 = getTestStepId({\n            context,\n            pickleId: pickle.id,\n            hookIdOrPickleStepId\n          });\n          taskTestStepStarted(context, {\n            testStepId: testStepId2,\n            testCaseStartedId,\n            timestamp: (0, messages_1.createTimestamp)()\n          });\n          taskTestStepFinished(context, {\n            testStepId: testStepId2,\n            testCaseStartedId,\n            testStepResult: {\n              status: messages.TestStepResultStatus.SKIPPED,\n              duration: {\n                seconds: 0,\n                nanos: 0\n              }\n            },\n            timestamp: (0, messages_1.createTimestamp)()\n          });\n        }\n        for (let i = 0, count = remainingSteps.length; i < count; i++) {\n          remainingSteps.pop();\n        }\n        cy.then(() => this.skip());\n      } else {\n        taskTestStepFinished(context, {\n          testStepId,\n          testCaseStartedId,\n          testStepResult: {\n            status: messages.TestStepResultStatus.PASSED,\n            duration: (0, messages_1.duration)(start, end)\n          },\n          timestamp: end\n        });\n        remainingSteps.shift();\n      }\n    });\n  }\n}",
              "err": {
                "message": "ReferenceError: url is not defined",
                "estack": "ReferenceError: url is not defined\n    at iplHomePage2.navigateHome (http://localhost:58891/__cypress/tests?p=cypress\\e2e\\specs\\iplTest.feature:15601:20)\n    at Context.eval (http://localhost:58891/__cypress/tests?p=cypress\\e2e\\specs\\iplTest.feature:15635:36)\n    at Registry.runStepDefininition (http://localhost:58891/__cypress/tests?p=cypress\\e2e\\specs\\iplTest.feature:8543:48)\n    at Object.fn (http://localhost:58891/__cypress/tests?p=cypress\\e2e\\specs\\iplTest.feature:14970:43)\n    at runStepWithLogGroup (http://localhost:58891/__cypress/tests?p=cypress\\e2e\\specs\\iplTest.feature:14604:29)\n    at Context.eval (http://localhost:58891/__cypress/tests?p=cypress\\e2e\\specs\\iplTest.feature:14966:62)",
                "diff": null
              },
              "uuid": "b8357a0d-a4be-4b8b-85a5-f877ab5229d9",
              "parentUUID": "86407e9b-a861-40e5-8e8f-b99a9b712ff8",
              "isHook": false,
              "skipped": false
            }
          ],
          "suites": [],
          "passes": [],
          "failures": [
            "b8357a0d-a4be-4b8b-85a5-f877ab5229d9"
          ],
          "pending": [],
          "skipped": [],
          "duration": 222,
          "root": false,
          "rootEmpty": false,
          "_timeout": 2000
        }
      ],
      "passes": [],
      "failures": [],
      "pending": [],
      "skipped": [],
      "duration": 0,
      "root": true,
      "rootEmpty": true,
      "_timeout": 2000
    }
  ],
  "meta": {
    "mocha": {
      "version": "7.0.1"
    },
    "mochawesome": {
      "options": {
        "quiet": false,
        "reportFilename": "mochawesome",
        "saveHtml": false,
        "saveJson": true,
        "consoleReporter": "spec",
        "useInlineDiffs": false,
        "code": true
      },
      "version": "7.1.3"
    },
    "marge": {
      "options": {
        "charts": true,
        "reportDir": "cypress\\reports\\.jsons",
        "reportPageTitle": "QA_AI_Machina_Report",
        "embeddedScreenshots": true,
        "inlineAssets": true,
        "saveAllAttempts": false,
        "overwrite": false,
        "html": false,
        "json": true
      },
      "version": "6.2.0"
    }
  }
}